[2025-11-28T02:42:04.631+0000] {taskinstance.py:1956} INFO - Dependencies all met for dep_context=non-requeueable deps ti=<TaskInstance: house_price_pipeline.train_model scheduled__2025-11-28T02:39:00+00:00 [queued]>
[2025-11-28T02:42:04.634+0000] {taskinstance.py:1956} INFO - Dependencies all met for dep_context=requeueable deps ti=<TaskInstance: house_price_pipeline.train_model scheduled__2025-11-28T02:39:00+00:00 [queued]>
[2025-11-28T02:42:04.634+0000] {taskinstance.py:2170} INFO - Starting attempt 1 of 1
[2025-11-28T02:42:04.639+0000] {taskinstance.py:2191} INFO - Executing <Task(PythonOperator): train_model> on 2025-11-28 02:39:00+00:00
[2025-11-28T02:42:04.643+0000] {standard_task_runner.py:60} INFO - Started process 373 to run task
[2025-11-28T02:42:04.644+0000] {standard_task_runner.py:87} INFO - Running: ['airflow', 'tasks', 'run', 'house_price_pipeline', 'train_model', 'scheduled__2025-11-28T02:39:00+00:00', '--job-id', '7', '--raw', '--subdir', 'DAGS_FOLDER/ml_pipeline_dag.py', '--cfg-path', '/tmp/tmp8ykv6p7s']
[2025-11-28T02:42:04.646+0000] {standard_task_runner.py:88} INFO - Job 7: Subtask train_model
[2025-11-28T02:42:04.653+0000] {logging_mixin.py:188} WARNING - /home/airflow/.local/lib/python3.10/site-packages/airflow/settings.py:194 DeprecationWarning: The sql_alchemy_conn option in [core] has been moved to the sql_alchemy_conn option in [database] - the old setting has been used, but please update your config.
[2025-11-28T02:42:04.669+0000] {task_command.py:423} INFO - Running <TaskInstance: house_price_pipeline.train_model scheduled__2025-11-28T02:39:00+00:00 [running]> on host 5b828492c125
[2025-11-28T02:42:04.699+0000] {taskinstance.py:2480} INFO - Exporting env vars: AIRFLOW_CTX_DAG_OWNER='juan_ruiz' AIRFLOW_CTX_DAG_ID='house_price_pipeline' AIRFLOW_CTX_TASK_ID='train_model' AIRFLOW_CTX_EXECUTION_DATE='2025-11-28T02:39:00+00:00' AIRFLOW_CTX_TRY_NUMBER='1' AIRFLOW_CTX_DAG_RUN_ID='scheduled__2025-11-28T02:39:00+00:00'
[2025-11-28T02:42:04.763+0000] {logging_mixin.py:188} INFO - Entrenando con 164087 muestras acumuladas...
[2025-11-28T02:42:04.851+0000] {logging_mixin.py:188} WARNING - 2025/11/28 02:42:04 WARNING ***.utils.git_utils: Failed to import Git (the Git executable is probably not on your PATH), so Git SHA is not available. Error: Failed to initialize: Bad git executable.
The git executable must be specified in one of the following ways:
    - be included in your $PATH
    - be set via $GIT_PYTHON_GIT_EXECUTABLE
    - explicitly set via git.refresh(<full-path-to-git-executable>)

All git commands will error until this is rectified.

This initial message can be silenced or aggravated in the future by setting the
$GIT_PYTHON_REFRESH environment variable. Use one of the following values:
    - quiet|q|silence|s|silent|none|n|0: for no message or exception
    - warn|w|warning|log|l|1: for a warning message (logging level CRITICAL, displayed by default)
    - error|e|exception|raise|r|2: for a raised exception

Example:
    export GIT_PYTHON_REFRESH=quiet
[2025-11-28T02:42:06.996+0000] {credentials.py:1147} INFO - Found credentials in environment variables.
[2025-11-28T02:42:07.071+0000] {logging_mixin.py:188} WARNING - 2025/11/28 02:42:07 WARNING ***.models.model: `artifact_path` is deprecated. Please use `name` instead.
[2025-11-28T02:42:07.125+0000] {logging_mixin.py:188} INFO - üèÉ View run chunk_002 at: http://***:5000/#/experiments/1/runs/e6f553f154444dd6955fac1240eb5a76
[2025-11-28T02:42:07.126+0000] {logging_mixin.py:188} INFO - üß™ View experiment at: http://***:5000/#/experiments/1
[2025-11-28T02:42:07.136+0000] {taskinstance.py:2698} ERROR - Task failed with exception
Traceback (most recent call last):
  File "/home/airflow/.local/lib/python3.10/site-packages/airflow/models/taskinstance.py", line 433, in _execute_task
    result = execute_callable(context=context, **execute_callable_kwargs)
  File "/home/airflow/.local/lib/python3.10/site-packages/airflow/operators/python.py", line 199, in execute
    return_value = self.execute_callable()
  File "/home/airflow/.local/lib/python3.10/site-packages/airflow/operators/python.py", line 216, in execute_callable
    return self.python_callable(*self.op_args, **self.op_kwargs)
  File "/opt/airflow/scripts/train_model.py", line 97, in train_model
    mlflow.sklearn.log_model(
  File "/home/airflow/.local/lib/python3.10/site-packages/mlflow/sklearn/__init__.py", line 426, in log_model
    return Model.log(
  File "/home/airflow/.local/lib/python3.10/site-packages/mlflow/models/model.py", line 1165, in log
    model = _create_logged_model(
  File "/home/airflow/.local/lib/python3.10/site-packages/mlflow/tracking/fluent.py", line 2330, in _create_logged_model
    return MlflowClient()._create_logged_model(
  File "/home/airflow/.local/lib/python3.10/site-packages/mlflow/tracking/client.py", line 5500, in _create_logged_model
    return self._tracking_client.create_logged_model(
  File "/home/airflow/.local/lib/python3.10/site-packages/mlflow/telemetry/track.py", line 30, in wrapper
    result = func(*args, **kwargs)
  File "/home/airflow/.local/lib/python3.10/site-packages/mlflow/tracking/_tracking_service/client.py", line 870, in create_logged_model
    return self.store.create_logged_model(
  File "/home/airflow/.local/lib/python3.10/site-packages/mlflow/store/tracking/rest_store.py", line 932, in create_logged_model
    response_proto = self._call_endpoint(CreateLoggedModel, req_body)
  File "/home/airflow/.local/lib/python3.10/site-packages/mlflow/store/tracking/rest_store.py", line 203, in _call_endpoint
    return call_endpoint(
  File "/home/airflow/.local/lib/python3.10/site-packages/mlflow/utils/rest_utils.py", line 596, in call_endpoint
    response = verify_rest_response(response, endpoint)
  File "/home/airflow/.local/lib/python3.10/site-packages/mlflow/utils/rest_utils.py", line 321, in verify_rest_response
    raise MlflowException(
mlflow.exceptions.MlflowException: API request to endpoint /api/2.0/***/logged-models failed with error code 404 != 200. Response body: '<!doctype html>
<html lang=en>
<title>404 Not Found</title>
<h1>Not Found</h1>
<p>The requested URL was not found on the server. If you entered the URL manually please check your spelling and try again.</p>
'
[2025-11-28T02:42:07.142+0000] {taskinstance.py:1138} INFO - Marking task as FAILED. dag_id=house_price_pipeline, task_id=train_model, execution_date=20251128T023900, start_date=20251128T024204, end_date=20251128T024207
[2025-11-28T02:42:07.148+0000] {standard_task_runner.py:107} ERROR - Failed to execute job 7 for task train_model (API request to endpoint /api/2.0/***/logged-models failed with error code 404 != 200. Response body: '<!doctype html>
<html lang=en>
<title>404 Not Found</title>
<h1>Not Found</h1>
<p>The requested URL was not found on the server. If you entered the URL manually please check your spelling and try again.</p>
'; 373)
[2025-11-28T02:42:07.185+0000] {local_task_job_runner.py:234} INFO - Task exited with return code 1
[2025-11-28T02:42:07.194+0000] {taskinstance.py:3280} INFO - 0 downstream tasks scheduled from follow-on schedule check
